{
  "RSpec": {
    "coverage": {
      "/Users/admin/Documents/Deck/makers-academy/june/airports/spec/airport_spec.rb": [
        1,
        null,
        1,
        11,
        null,
        1,
        14,
        null,
        null,
        1,
        null,
        2,
        null,
        1,
        1,
        1,
        null,
        null,
        1,
        1,
        null,
        null,
        1,
        1,
        1,
        1,
        null,
        null,
        null,
        1,
        null,
        1,
        1,
        null,
        null,
        1,
        1,
        1,
        null,
        null,
        1,
        null,
        1,
        null,
        null,
        1,
        null,
        null,
        1,
        1,
        1,
        null,
        null,
        null,
        null,
        1,
        null,
        1,
        null,
        1,
        21,
        2,
        null,
        null,
        null,
        null,
        1,
        1,
        1,
        1,
        null,
        null,
        null,
        null,
        1,
        1,
        1,
        null,
        null,
        1,
        1,
        null,
        null,
        1,
        1,
        2,
        null,
        1,
        1,
        2,
        null,
        null,
        null,
        null
      ],
      "/Users/admin/Documents/Deck/makers-academy/june/airports/lib/airport.rb": [
        1,
        null,
        1,
        null,
        1,
        1,
        null,
        1,
        36,
        36,
        null,
        null,
        1,
        1,
        null,
        null,
        1,
        2,
        null,
        null,
        1,
        10,
        9,
        8,
        8,
        null,
        null,
        1,
        5,
        4,
        1,
        null,
        null,
        1,
        0,
        0,
        0,
        null,
        null,
        1,
        null,
        1,
        10,
        null,
        null,
        null
      ],
      "/Users/admin/Documents/Deck/makers-academy/june/airports/lib/plane.rb": [
        1,
        1,
        1,
        null,
        null,
        1,
        11,
        null,
        null,
        1,
        15,
        null,
        null,
        1,
        7,
        6,
        null,
        null,
        1,
        4,
        3,
        null,
        null,
        null
      ],
      "/Users/admin/Documents/Deck/makers-academy/june/airports/spec/plane_spec.rb": [
        1,
        null,
        1,
        12,
        12,
        null,
        1,
        11,
        11,
        null,
        null,
        null,
        2,
        null,
        1,
        1,
        null,
        null,
        1,
        1,
        1,
        null,
        null,
        1,
        1,
        null,
        null,
        1,
        1,
        1,
        null,
        null,
        1,
        1,
        2,
        null,
        null,
        1,
        null,
        1,
        2,
        null,
        null,
        1,
        1,
        2,
        null,
        null,
        1,
        1,
        null,
        null,
        1,
        1,
        1,
        null,
        null,
        null,
        1,
        1,
        1,
        1,
        null,
        null,
        null
      ]
    },
    "timestamp": 1434461447
  }
}
